<?xml version="1.0" encoding="UTF-8"?>
<!-- Generated by org.testng.reporters.JUnitReportReporter -->
<testsuite skipped="0" hostname="DESKTOP-SP0RH04" name="RestAssured.GetRequest" tests="1" failures="0" timestamp="10 лют. 2019 21:01:46 GMT" time="2.152" errors="0">
  <testcase name="GET_EmployeeList" time="2.152" classname="RestAssured.GetRequest"/>
</testsuite> <!-- RestAssured.GetRequest -->
