<?xml version="1.0" encoding="UTF-8"?>
<!-- Generated by org.testng.reporters.JUnitReportReporter -->
<testsuite skipped="0" hostname="DESKTOP-SP0RH04" name="Selenium.Demo" tests="1" failures="0" timestamp="15 лют. 2019 11:09:57 GMT" time="10.946" errors="0">
  <testcase name="test1" time="10.946" classname="Selenium.Demo"/>
</testsuite> <!-- Selenium.Demo -->
