<?xml version="1.0" encoding="UTF-8"?>
<!-- Generated by org.testng.reporters.JUnitReportReporter -->
<testsuite skipped="0" hostname="DESKTOP-SP0RH04" name="RestAssured.GetRequest" tests="1" failures="0" timestamp="15 лют. 2019 11:34:53 GMT" time="13.901" errors="0">
  <testcase name="GET_EmployeeList" time="13.901" classname="RestAssured.GetRequest"/>
</testsuite> <!-- RestAssured.GetRequest -->
